;Course and Semester : 18649 Fall 2013
;Group 16 : Jiangtian Nie(jnie), Sally Stevenson(ststeven)
;	    Yue Chen(yuechen), Sri Harsha Koppaka(skoppaka)


Simulator Parameters:
Command line = -pf uppeak_final.pass -fs 5.0 -b 200 -monitor Proj11RuntimeMonitor -head header.txt
RandomSeed = 1386646862757
CanNetworkBitTime = 5000 ns
Effective Can Bitrate = 199999.99999999997
Run Time = null
Real time rate = null
Acceptance Test File = uppeak_final.pass
Monitors: Proj11RuntimeMonitor  


[Elevator] @0.000000000: Starting Simulation
[Elevator] @60.000000000: Progress indicator
[Elevator] @120.000000000: Progress indicator
[Elevator] @180.000000000: Progress indicator
[RuntimeMonitor] @203.740000000: Overweight
[Elevator] @240.000000000: Progress indicator
[Elevator] @300.000000000: Progress indicator
[RuntimeMonitor] @317.540000000: Overweight
[Elevator] @360.000000000: Progress indicator
[Elevator] @420.000000000: Progress indicator
[RuntimeMonitor] @466.340000000: Overweight
[Elevator] @480.000000000: Progress indicator
[Elevator] @540.000000000: Progress indicator
[Elevator] @600.000000000: Progress indicator
[RuntimeMonitor] @650.540000000: Overweight
[Elevator] @660.000000000: Progress indicator
[RuntimeMonitor] @668.140000000: Overweight
[RuntimeMonitor] @704.940000000: Overweight
[Elevator] @720.000000000: Progress indicator
[Elevator] @780.000000000: Progress indicator
[Elevator] @840.000000000: Progress indicator
[RuntimeMonitor] @886.940000000: Overweight
[Elevator] @900.000000000: Progress indicator
[RuntimeMonitor] @904.540000000: Overweight
[Elevator] @960.000000000: Progress indicator
[RuntimeMonitor] @970.550000000: Overweight
[Elevator] @1020.000000000: Progress indicator
[Elevator] @1080.000000000: Progress indicator
[Elevator] @1140.000000000: Progress indicator
[RuntimeMonitor] @1158.940000000: Overweight
[RuntimeMonitor] @1176.340000000: Overweight
[Elevator] @1200.000000000: Progress indicator
[Elevator] @1260.000000000: Progress indicator
[Elevator] @1320.000000000: Progress indicator
[RuntimeMonitor] @1372.740000000: Overweight
[Elevator] @1380.000000000: Progress indicator
[RuntimeMonitor] @1390.140000000: Overweight
[RuntimeMonitor] @1424.940000000: Overweight
[Elevator] @1440.000000000: Progress indicator
[Elevator] @1500.000000000: Progress indicator
[Elevator] @1560.000000000: Progress indicator
[Elevator] @1620.000000000: Progress indicator
[RuntimeMonitor] @1626.540000000: Overweight
[RuntimeMonitor] @1652.840000000: Overweight
[RuntimeMonitor] @1670.140000000: Overweight
[Elevator] @1680.000000000: Progress indicator
[RuntimeMonitor] @1696.140000000: Overweight
[Elevator] @1740.000000000: Progress indicator
[Elevator] @1800.000000000: Progress indicator
[Elevator] @1860.000000000: Progress indicator
[RuntimeMonitor] @1883.340000000: Overweight
[RuntimeMonitor] @1900.740000000: Overweight
[RuntimeMonitor] @1918.140000000: Overweight
[Elevator] @1920.000000000: Progress indicator
[RuntimeMonitor] @1944.540000000: Overweight
[Elevator] @1980.000000000: Progress indicator
[Elevator] @2040.000000000: Progress indicator
[Elevator] @2100.000000000: Progress indicator
[RuntimeMonitor] @2106.540000000: Overweight
[RuntimeMonitor] @2123.940000000: Overweight
[RuntimeMonitor] @2148.740000000: Overweight
[Elevator] @2160.000000000: Progress indicator
[RuntimeMonitor] @2167.740000000: Overweight
[Elevator] @2220.000000000: Progress indicator
[RuntimeMonitor] @2263.340000000: Overweight
[Elevator] @2280.000000000: Progress indicator
[RuntimeMonitor] @2289.540000000: Overweight
[RuntimeMonitor] @2306.940000000: Overweight
[Elevator] @2340.000000000: Progress indicator
[Elevator] @2400.000000000: Progress indicator
[RuntimeMonitor] @2410.140000000: Overweight
[RuntimeMonitor] @2427.540000000: Overweight
[Elevator] @2460.000000000: Progress indicator
[Elevator] @2520.000000000: Progress indicator
[RuntimeMonitor] @2549.140000000: Overweight
[RuntimeMonitor] @2566.550000000: Overweight
[Elevator] @2580.000000000: Progress indicator
[Elevator] @2640.000000000: Progress indicator
[Elevator] @2700.000000000: Progress indicator
[RuntimeMonitor] @2703.140000000: Overweight
[RuntimeMonitor] @2720.540000000: Overweight
[Elevator] @2760.000000000: Progress indicator
[Elevator] @2820.000000000: Progress indicator
[RuntimeMonitor] @2828.540000000: Overweight
[RuntimeMonitor] @2846.140000000: Overweight
[Elevator] @2880.000000000: Progress indicator
[Elevator] @2940.000000000: Progress indicator
[RuntimeMonitor] @2967.720000000: Overweight
[RuntimeMonitor] @2985.540000000: Overweight
[Elevator] @3000.000000000: Progress indicator
[Elevator] @3060.000000000: Progress indicator
[RuntimeMonitor] @3083.540000000: Overweight
[RuntimeMonitor] @3101.140000000: Overweight
[Elevator] @3120.000000000: Progress indicator
[Elevator] @3180.000000000: Progress indicator
[RuntimeMonitor] @3223.140000000: Overweight
[Elevator] @3240.000000000: Progress indicator
[Elevator] @3300.000000000: Progress indicator
[Elevator] @3360.000000000: Progress indicator
[RuntimeMonitor] @3378.740000000: Overweight
[Elevator] @3420.000000000: Progress indicator
[Elevator] @3480.000000000: Progress indicator
[RuntimeMonitor] @3496.740000000: Overweight
[Elevator] @3540.000000000: Progress indicator
[Elevator] @3600.000000000: Progress indicator
[RuntimeMonitor] @3619.540000000: Overweight
[Elevator] @3660.000000000: Progress indicator
[Elevator] @3720.000000000: Progress indicator
[RuntimeMonitor] @3759.340000000: Overweight
[Elevator] @3780.000000000: Progress indicator
[Elevator] @3840.000000000: Progress indicator
[RuntimeMonitor] @3880.540000000: Overweight
[Elevator] @3900.000000000: Progress indicator
[Elevator] @3960.000000000: Progress indicator
[RuntimeMonitor] @3999.140000000: Overweight
[Elevator] @4020.000000000: Progress indicator
[Elevator] @4080.000000000: Progress indicator
[Elevator] @4140.000000000: Progress indicator
[RuntimeMonitor] @4144.140000000: Overweight
[Elevator] @4200.000000000: Progress indicator
[Elevator] @4260.000000000: Progress indicator
[RuntimeMonitor] @4265.940000000: Overweight
[Elevator] @4320.000000000: Progress indicator
[Elevator] @4380.000000000: Progress indicator
[RuntimeMonitor] @4407.140000000: Overweight
[Elevator] @4440.000000000: Progress indicator
[Elevator] @4500.000000000: Progress indicator
[RuntimeMonitor] @4512.540000000: Overweight
[Elevator] @4560.000000000: Progress indicator
[Elevator] @4620.000000000: Progress indicator
[RuntimeMonitor] @4635.540000000: Overweight
[Elevator] @4680.000000000: Progress indicator
[Elevator] @4740.000000000: Progress indicator
[RuntimeMonitor] @4776.940000000: Overweight
[Elevator] @4800.000000000: Progress indicator
[Elevator] @4860.000000000: Progress indicator
[RuntimeMonitor] @4901.340000000: Overweight
[Elevator] @4920.000000000: Progress indicator
[Elevator] @4980.000000000: Progress indicator
[Elevator] @5033.925000000: Simulation Finished

Network Utilization Summary:
Recent: 73.33 % Max: 73.33 %  Overall:  73.33 %

Monitors Warning Results: 
RuntimeMonitor generated 0 warnings.

Monitors Summmary Results: 
Overweight Count = 55
R-T6:Wasted Stops Count = 0
R-T7:Wasted Openings Count = 0
Wasted Time Dealing with Reversal = 246.86s
Both Lanterns Lit Up Count = 0
R-T8.1:Omitted Pending Calls Count = 0
R-T8.2:Lantern Flicker Count = 0
R-T8.3:Conflict Direction Count = 0
R-T9:Inappropriate Not Fast Speed Count = 0
R-T10:Number of times Nudged before Reversing atleast once = 0

STATISTICS FOR ELEVATOR SIMULATION PASSENGER DELIVERY
-----------------------------------------------------


Passenger Delivery Summary
Delivered: 392
Stranded: 0
Total: 392

Deliver Stats (lower is better):
Average_delivery_time: 1412.414
Maximum_delivery_time:  4486.856
Delivery_performance_score:  10136.513

Satisfaction Stats (higher is better):
Average_satisfaction_score: 99.251
Min_satisfaction_score:  6.250
Satisfaction_performance_score:  403.253



5033.925s simulation seconds
 31.917 real seconds
 effective rate 157.72
