;Course and Semester : 18649 Fall 2013
;Group 16 : Jiangtian Nie(jnie), Sally Stevenson(ststeven)
;	    Yue Chen(yuechen), Sri Harsha Koppaka(skoppaka)


Simulator Parameters:
Command line = -pf proj10acceptance1.pass -fs 5.0 -b 200 -monitor Proj11RuntimeMonitor -head header.txt
RandomSeed = 1386646784984
CanNetworkBitTime = 5000 ns
Effective Can Bitrate = 199999.99999999997
Run Time = null
Real time rate = null
Acceptance Test File = proj10acceptance1.pass
Monitors: Proj11RuntimeMonitor  


[Elevator] @0.000000000: Starting Simulation
[RuntimeMonitor] @23.740000000: Overweight
[Elevator] @60.000000000: Progress indicator
[Elevator] @120.000000000: Progress indicator
[Elevator] @180.000000000: Progress indicator
[Elevator] @240.000000000: Progress indicator
[Elevator] @300.000000000: Progress indicator
[Elevator] @314.303000000: Simulation Finished

Network Utilization Summary:
Recent: 73.33 % Max: 73.33 %  Overall:  73.33 %

Monitors Warning Results: 
RuntimeMonitor generated 0 warnings.

Monitors Summmary Results: 
Overweight Count = 1
R-T6:Wasted Stops Count = 0
R-T7:Wasted Openings Count = 0
Wasted Time Dealing with Reversal = 0.0s
Both Lanterns Lit Up Count = 0
R-T8.1:Omitted Pending Calls Count = 0
R-T8.2:Lantern Flicker Count = 0
R-T8.3:Conflict Direction Count = 0
R-T9:Inappropriate Not Fast Speed Count = 0
R-T10:Number of times Nudged before Reversing atleast once = 0

STATISTICS FOR ELEVATOR SIMULATION PASSENGER DELIVERY
-----------------------------------------------------


Passenger Delivery Summary
Delivered: 17
Stranded: 0
Total: 17

Deliver Stats (lower is better):
Average_delivery_time: 138.351
Maximum_delivery_time:  312.303
Delivery_performance_score:  865.706

Satisfaction Stats (higher is better):
Average_satisfaction_score: 100.000
Min_satisfaction_score:  100.000
Satisfaction_performance_score:  500.000



314.303s simulation seconds
 3.211 real seconds
 effective rate 97.88
