;Course and Semester : 18649 Fall 2013
;Group 16 : Jiangtian Nie(jnie), Sally Stevenson(ststeven)
;	    Yue Chen(yuechen), Sri Harsha Koppaka(skoppaka)


Simulator Parameters:
Command line = -pf proj11acceptance1.pass -fs 5.0 -b 200 -monitor Proj11RuntimeMonitor -head header.txt
RandomSeed = 1386646798139
CanNetworkBitTime = 5000 ns
Effective Can Bitrate = 199999.99999999997
Run Time = null
Real time rate = null
Acceptance Test File = proj11acceptance1.pass
Monitors: Proj11RuntimeMonitor  


[Elevator] @0.000000000: Starting Simulation
[Elevator] @60.000000000: Progress indicator
[Elevator] @120.000000000: Progress indicator
[Elevator] @180.000000000: Progress indicator
[Elevator] @240.000000000: Progress indicator
[Elevator] @300.000000000: Progress indicator
[Elevator] @360.000000000: Progress indicator
[Elevator] @420.000000000: Progress indicator
[Elevator] @480.000000000: Progress indicator
[Elevator] @540.000000000: Progress indicator
[Elevator] @600.000000000: Progress indicator
[Elevator] @660.000000000: Progress indicator
[Elevator] @720.000000000: Progress indicator
[Elevator] @780.000000000: Progress indicator
[Elevator] @840.000000000: Progress indicator
[Elevator] @900.000000000: Progress indicator
[Elevator] @960.000000000: Progress indicator
[Elevator] @1020.000000000: Progress indicator
[Elevator] @1080.000000000: Progress indicator
[Elevator] @1140.000000000: Progress indicator
[Elevator] @1200.000000000: Progress indicator
[Elevator] @1260.000000000: Progress indicator
[Elevator] @1320.000000000: Progress indicator
[Elevator] @1380.000000000: Progress indicator
[Elevator] @1440.000000000: Progress indicator
[Elevator] @1500.000000000: Progress indicator
[Elevator] @1560.000000000: Progress indicator
[Elevator] @1620.000000000: Progress indicator
[Elevator] @1680.000000000: Progress indicator
[Elevator] @1740.000000000: Progress indicator
[Elevator] @1800.000000000: Progress indicator
[Elevator] @1860.000000000: Progress indicator
[Elevator] @1920.000000000: Progress indicator
[Elevator] @1980.000000000: Progress indicator
[Elevator] @2040.000000000: Progress indicator
[Elevator] @2100.000000000: Progress indicator
[Elevator] @2160.000000000: Progress indicator
[Elevator] @2220.000000000: Progress indicator
[Elevator] @2280.000000000: Progress indicator
[Elevator] @2340.000000000: Progress indicator
[Elevator] @2400.000000000: Progress indicator
[Elevator] @2460.000000000: Progress indicator
[Elevator] @2520.000000000: Progress indicator
[Elevator] @2580.000000000: Progress indicator
[Elevator] @2640.000000000: Progress indicator
[Elevator] @2700.000000000: Progress indicator
[Elevator] @2760.000000000: Progress indicator
[Elevator] @2820.000000000: Progress indicator
[Elevator] @2880.000000000: Progress indicator
[Elevator] @2940.000000000: Progress indicator
[Elevator] @3000.000000000: Progress indicator
[Elevator] @3060.000000000: Progress indicator
[Elevator] @3120.000000000: Progress indicator
[Elevator] @3180.000000000: Progress indicator
[Elevator] @3240.000000000: Progress indicator
[Elevator] @3300.000000000: Progress indicator
[Elevator] @3360.000000000: Progress indicator
[Elevator] @3420.000000000: Progress indicator
[Elevator] @3480.000000000: Progress indicator
[Elevator] @3540.000000000: Progress indicator
[Elevator] @3600.000000000: Progress indicator
[Elevator] @3660.000000000: Progress indicator
[Elevator] @3720.000000000: Progress indicator
[Elevator] @3780.000000000: Progress indicator
[Elevator] @3840.000000000: Progress indicator
[Elevator] @3900.000000000: Progress indicator
[Elevator] @3960.000000000: Progress indicator
[Elevator] @4020.000000000: Progress indicator
[Elevator] @4080.000000000: Progress indicator
[Elevator] @4140.000000000: Progress indicator
[Elevator] @4200.000000000: Progress indicator
[Elevator] @4260.000000000: Progress indicator
[Elevator] @4320.000000000: Progress indicator
[Elevator] @4380.000000000: Progress indicator
[Elevator] @4440.000000000: Progress indicator
[Elevator] @4500.000000000: Progress indicator
[Elevator] @4560.000000000: Progress indicator
[Elevator] @4620.000000000: Progress indicator
[Elevator] @4680.000000000: Progress indicator
[Elevator] @4740.000000000: Progress indicator
[Elevator] @4800.000000000: Progress indicator
[Elevator] @4827.268000000: Simulation Finished

Network Utilization Summary:
Recent: 73.33 % Max: 73.33 %  Overall:  73.33 %

Monitors Warning Results: 
RuntimeMonitor generated 0 warnings.

Monitors Summmary Results: 
Overweight Count = 0
R-T6:Wasted Stops Count = 0
R-T7:Wasted Openings Count = 0
Wasted Time Dealing with Reversal = 0.0s
Both Lanterns Lit Up Count = 0
R-T8.1:Omitted Pending Calls Count = 0
R-T8.2:Lantern Flicker Count = 0
R-T8.3:Conflict Direction Count = 0
R-T9:Inappropriate Not Fast Speed Count = 0
R-T10:Number of times Nudged before Reversing atleast once = 0

STATISTICS FOR ELEVATOR SIMULATION PASSENGER DELIVERY
-----------------------------------------------------


Passenger Delivery Summary
Delivered: 150
Stranded: 0
Total: 150

Deliver Stats (lower is better):
Average_delivery_time: 62.965
Maximum_delivery_time:  240.468
Delivery_performance_score:  492.328

Satisfaction Stats (higher is better):
Average_satisfaction_score: 99.493
Min_satisfaction_score:  72.900
Satisfaction_performance_score:  470.871



4827.268s simulation seconds
 30.310 real seconds
 effective rate 159.26
